2018-12-10 11:07:12.341  INFO 8328 --- [main] t.a.StudentServiceMongoDbApplication     : Starting StudentServiceMongoDbApplication on Acer with PID 8328 (C:\Users\User\eclipse-workspace\j_StudentServiceMongoDb\target\classes started by User in C:\Users\User\eclipse-workspace\j_StudentServiceMongoDb)
2018-12-10 11:07:12.353  INFO 8328 --- [main] t.a.StudentServiceMongoDbApplication     : No active profile set, falling back to default profiles: default
2018-12-10 11:07:15.579  INFO 8328 --- [main] .s.d.r.c.RepositoryConfigurationDelegate : Bootstrapping Spring Data repositories in DEFAULT mode.
2018-12-10 11:07:15.789  INFO 8328 --- [main] .s.d.r.c.RepositoryConfigurationDelegate : Finished Spring Data repository scanning in 194ms. Found 1 repository interfaces.
2018-12-10 11:07:17.759  INFO 8328 --- [main] o.s.b.w.embedded.tomcat.TomcatWebServer  : Tomcat initialized with port(s): 8080 (http)
2018-12-10 11:07:17.837  INFO 8328 --- [main] o.apache.catalina.core.StandardService   : Starting service [Tomcat]
2018-12-10 11:07:17.839  INFO 8328 --- [main] org.apache.catalina.core.StandardEngine  : Starting Servlet Engine: Apache Tomcat/9.0.13
2018-12-10 11:07:17.889  INFO 8328 --- [main] o.a.catalina.core.AprLifecycleListener   : The APR based Apache Tomcat Native library which allows optimal performance in production environments was not found on the java.library.path: [C:\Program Files\Java\jre1.8.0_171\bin;C:\Windows\Sun\Java\bin;C:\Windows\system32;C:\Windows;C:/Program Files/Java/jre1.8.0_171/bin/server;C:/Program Files/Java/jre1.8.0_171/bin;C:/Program Files/Java/jre1.8.0_171/lib/amd64;C:\Program Files (x86)\Common Files\Oracle\Java\javapath;C:\Windows\system32;C:\Windows;C:\Windows\System32\Wbem;C:\Windows\System32\WindowsPowerShell\v1.0\;C:\Program Files (x86)\Common Files\Acronis\SnapAPI\;D:\telran\eclipse;;.]
2018-12-10 11:07:18.366  INFO 8328 --- [main] o.a.c.c.C.[Tomcat].[localhost].[/]       : Initializing Spring embedded WebApplicationContext
2018-12-10 11:07:18.367  INFO 8328 --- [main] o.s.web.context.ContextLoader            : Root WebApplicationContext: initialization completed in 5881 ms
2018-12-10 11:07:20.610  INFO 8328 --- [main] org.mongodb.driver.cluster               : Cluster created with settings {hosts=[ds145981.mlab.com:45981], mode=SINGLE, requiredClusterType=UNKNOWN, serverSelectionTimeout='30000 ms', maxWaitQueueSize=500}
2018-12-10 11:07:22.020  INFO 8328 --- [cluster-ClusterId{value='5c0e2cc8d634b82088705cf9', description='null'}-ds145981.mlab.com:45981] org.mongodb.driver.connection            : Opened connection [connectionId{localValue:1, serverValue:103429148}] to ds145981.mlab.com:45981
2018-12-10 11:07:22.216  INFO 8328 --- [cluster-ClusterId{value='5c0e2cc8d634b82088705cf9', description='null'}-ds145981.mlab.com:45981] org.mongodb.driver.cluster               : Monitor thread successfully connected to server with description ServerDescription{address=ds145981.mlab.com:45981, type=REPLICA_SET_PRIMARY, state=CONNECTED, ok=true, version=ServerVersion{versionList=[3, 6, 6]}, minWireVersion=0, maxWireVersion=6, maxDocumentSize=16777216, logicalSessionTimeoutMinutes=30, roundTripTimeNanos=187232005, setName='rs-ds145981', canonicalAddress=ds145981-a.mlab.com:45981, hosts=[ds145981-a.mlab.com:45981], passives=[], arbiters=[], primary='ds145981-a.mlab.com:45981', tagSet=TagSet{[]}, electionId=7fffffff0000000000000003, setVersion=1, lastWriteDate=Mon Dec 10 11:07:13 IST 2018, lastUpdateTimeNanos=173404020809122}
2018-12-10 11:07:23.167  INFO 8328 --- [main] pertySourcedRequestMappingHandlerMapping : Mapped URL path [/v2/api-docs] onto method [public org.springframework.http.ResponseEntity<springfox.documentation.spring.web.json.Json> springfox.documentation.swagger2.web.Swagger2Controller.getDocumentation(java.lang.String,javax.servlet.http.HttpServletRequest)]
2018-12-10 11:07:23.619  INFO 8328 --- [main] o.s.s.concurrent.ThreadPoolTaskExecutor  : Initializing ExecutorService 'applicationTaskExecutor'
2018-12-10 11:07:24.473  INFO 8328 --- [main] d.s.w.p.DocumentationPluginsBootstrapper : Context refreshed
2018-12-10 11:07:24.563  INFO 8328 --- [main] d.s.w.p.DocumentationPluginsBootstrapper : Found 1 custom documentation plugin(s)
2018-12-10 11:07:24.671  INFO 8328 --- [main] s.d.s.w.s.ApiListingReferenceScanner     : Scanning for api listing references
2018-12-10 11:07:25.607  INFO 8328 --- [main] o.s.b.w.embedded.tomcat.TomcatWebServer  : Tomcat started on port(s): 8080 (http) with context path ''
2018-12-10 11:07:25.625  INFO 8328 --- [main] t.a.StudentServiceMongoDbApplication     : Started StudentServiceMongoDbApplication in 14.439 seconds (JVM running for 15.551)
2018-12-10 11:08:27.049  INFO 8328 --- [http-nio-8080-exec-1] o.a.c.c.C.[Tomcat].[localhost].[/]       : Initializing Spring DispatcherServlet 'dispatcherServlet'
2018-12-10 11:08:27.050  INFO 8328 --- [http-nio-8080-exec-1] o.s.web.servlet.DispatcherServlet        : Initializing Servlet 'dispatcherServlet'
2018-12-10 11:08:27.098  INFO 8328 --- [http-nio-8080-exec-1] o.s.web.servlet.DispatcherServlet        : Completed initialization in 47 ms
2018-12-10 11:08:29.862  INFO 8328 --- [http-nio-8080-exec-1] org.mongodb.driver.connection            : Opened connection [connectionId{localValue:2, serverValue:103437178}] to ds145981.mlab.com:45981
2018-12-10 11:10:27.903  INFO 8328 --- [http-nio-8080-exec-7] t.a.student.service.StudentServiceImpl   : Time stamp: 2018-12-10T11:10:27.411	 Duration: 491
2018-12-10 11:10:42.400  INFO 8328 --- [http-nio-8080-exec-8] t.a.student.service.StudentServiceImpl   : Time stamp: 2018-12-10T11:10:41.995	 Duration: 405
2018-12-10 11:11:51.359  INFO 8328 --- [http-nio-8080-exec-10] t.a.student.service.StudentServiceImpl   : Time stamp: 2018-12-10T11:11:50.839	 Duration: 520
2018-12-10 11:28:08.480  INFO 8328 --- [http-nio-8080-exec-1] o.apache.coyote.http11.Http11Processor   : Error parsing HTTP request header
 Note: further occurrences of HTTP request parsing errors will be logged at DEBUG level.

java.lang.IllegalArgumentException: Invalid character found in method name. HTTP method names must be tokens
	at org.apache.coyote.http11.Http11InputBuffer.parseRequestLine(Http11InputBuffer.java:414) ~[tomcat-embed-core-9.0.13.jar:9.0.13]
	at org.apache.coyote.http11.Http11Processor.service(Http11Processor.java:294) ~[tomcat-embed-core-9.0.13.jar:9.0.13]
	at org.apache.coyote.AbstractProcessorLight.process(AbstractProcessorLight.java:66) [tomcat-embed-core-9.0.13.jar:9.0.13]
	at org.apache.coyote.AbstractProtocol$ConnectionHandler.process(AbstractProtocol.java:791) [tomcat-embed-core-9.0.13.jar:9.0.13]
	at org.apache.tomcat.util.net.NioEndpoint$SocketProcessor.doRun(NioEndpoint.java:1417) [tomcat-embed-core-9.0.13.jar:9.0.13]
	at org.apache.tomcat.util.net.SocketProcessorBase.run(SocketProcessorBase.java:49) [tomcat-embed-core-9.0.13.jar:9.0.13]
	at java.util.concurrent.ThreadPoolExecutor.runWorker(Unknown Source) [na:1.8.0_171]
	at java.util.concurrent.ThreadPoolExecutor$Worker.run(Unknown Source) [na:1.8.0_171]
	at org.apache.tomcat.util.threads.TaskThread$WrappingRunnable.run(TaskThread.java:61) [tomcat-embed-core-9.0.13.jar:9.0.13]
	at java.lang.Thread.run(Unknown Source) [na:1.8.0_171]

2018-12-10 11:38:03.289  INFO 5492 --- [main] t.a.StudentServiceMongoDbApplication     : Starting StudentServiceMongoDbApplication on Acer with PID 5492 (C:\Users\User\eclipse-workspace\j_StudentServiceMongoDb\target\classes started by User in C:\Users\User\eclipse-workspace\j_StudentServiceMongoDb)
2018-12-10 11:38:03.299  INFO 5492 --- [main] t.a.StudentServiceMongoDbApplication     : No active profile set, falling back to default profiles: default
2018-12-10 11:38:06.738  INFO 5492 --- [main] .s.d.r.c.RepositoryConfigurationDelegate : Bootstrapping Spring Data repositories in DEFAULT mode.
2018-12-10 11:38:06.980  INFO 5492 --- [main] .s.d.r.c.RepositoryConfigurationDelegate : Finished Spring Data repository scanning in 224ms. Found 1 repository interfaces.
2018-12-10 11:38:09.444  INFO 5492 --- [main] o.s.b.w.embedded.tomcat.TomcatWebServer  : Tomcat initialized with port(s): 8080 (http)
2018-12-10 11:38:09.518  INFO 5492 --- [main] o.apache.catalina.core.StandardService   : Starting service [Tomcat]
2018-12-10 11:38:09.520  INFO 5492 --- [main] org.apache.catalina.core.StandardEngine  : Starting Servlet Engine: Apache Tomcat/9.0.13
2018-12-10 11:38:09.555  INFO 5492 --- [main] o.a.catalina.core.AprLifecycleListener   : The APR based Apache Tomcat Native library which allows optimal performance in production environments was not found on the java.library.path: [C:\Program Files\Java\jre1.8.0_171\bin;C:\Windows\Sun\Java\bin;C:\Windows\system32;C:\Windows;C:/Program Files/Java/jre1.8.0_171/bin/server;C:/Program Files/Java/jre1.8.0_171/bin;C:/Program Files/Java/jre1.8.0_171/lib/amd64;C:\Program Files (x86)\Common Files\Oracle\Java\javapath;C:\Windows\system32;C:\Windows;C:\Windows\System32\Wbem;C:\Windows\System32\WindowsPowerShell\v1.0\;C:\Program Files (x86)\Common Files\Acronis\SnapAPI\;D:\telran\eclipse;;.]
2018-12-10 11:38:09.930  INFO 5492 --- [main] o.a.c.c.C.[Tomcat].[localhost].[/]       : Initializing Spring embedded WebApplicationContext
2018-12-10 11:38:09.931  INFO 5492 --- [main] o.s.web.context.ContextLoader            : Root WebApplicationContext: initialization completed in 6454 ms
2018-12-10 11:38:11.460  INFO 5492 --- [main] org.mongodb.driver.cluster               : Cluster created with settings {hosts=[ds145981.mlab.com:45981], mode=SINGLE, requiredClusterType=UNKNOWN, serverSelectionTimeout='30000 ms', maxWaitQueueSize=500}
2018-12-10 11:38:12.909  INFO 5492 --- [cluster-ClusterId{value='5c0e3403d634b815744c0193', description='null'}-ds145981.mlab.com:45981] org.mongodb.driver.connection            : Opened connection [connectionId{localValue:1, serverValue:103644691}] to ds145981.mlab.com:45981
2018-12-10 11:38:13.145  INFO 5492 --- [cluster-ClusterId{value='5c0e3403d634b815744c0193', description='null'}-ds145981.mlab.com:45981] org.mongodb.driver.cluster               : Monitor thread successfully connected to server with description ServerDescription{address=ds145981.mlab.com:45981, type=REPLICA_SET_PRIMARY, state=CONNECTED, ok=true, version=ServerVersion{versionList=[3, 6, 6]}, minWireVersion=0, maxWireVersion=6, maxDocumentSize=16777216, logicalSessionTimeoutMinutes=30, roundTripTimeNanos=211706153, setName='rs-ds145981', canonicalAddress=ds145981-a.mlab.com:45981, hosts=[ds145981-a.mlab.com:45981], passives=[], arbiters=[], primary='ds145981-a.mlab.com:45981', tagSet=TagSet{[]}, electionId=7fffffff0000000000000003, setVersion=1, lastWriteDate=Mon Dec 10 11:38:05 IST 2018, lastUpdateTimeNanos=175254904713586}
2018-12-10 11:38:14.202  INFO 5492 --- [main] pertySourcedRequestMappingHandlerMapping : Mapped URL path [/v2/api-docs] onto method [public org.springframework.http.ResponseEntity<springfox.documentation.spring.web.json.Json> springfox.documentation.swagger2.web.Swagger2Controller.getDocumentation(java.lang.String,javax.servlet.http.HttpServletRequest)]
2018-12-10 11:38:15.091  INFO 5492 --- [main] o.s.s.concurrent.ThreadPoolTaskExecutor  : Initializing ExecutorService 'applicationTaskExecutor'
2018-12-10 11:38:15.879  INFO 5492 --- [main] d.s.w.p.DocumentationPluginsBootstrapper : Context refreshed
2018-12-10 11:38:16.044  INFO 5492 --- [main] d.s.w.p.DocumentationPluginsBootstrapper : Found 1 custom documentation plugin(s)
2018-12-10 11:38:16.176  INFO 5492 --- [main] s.d.s.w.s.ApiListingReferenceScanner     : Scanning for api listing references
2018-12-10 11:38:17.043  INFO 5492 --- [main] o.s.b.w.embedded.tomcat.TomcatWebServer  : Tomcat started on port(s): 8080 (http) with context path ''
2018-12-10 11:38:17.049  INFO 5492 --- [main] t.a.StudentServiceMongoDbApplication     : Started StudentServiceMongoDbApplication in 14.888 seconds (JVM running for 16.297)
2018-12-10 11:39:04.326  INFO 5492 --- [http-nio-8080-exec-1] o.a.c.c.C.[Tomcat].[localhost].[/]       : Initializing Spring DispatcherServlet 'dispatcherServlet'
2018-12-10 11:39:04.327  INFO 5492 --- [http-nio-8080-exec-1] o.s.web.servlet.DispatcherServlet        : Initializing Servlet 'dispatcherServlet'
2018-12-10 11:39:04.348  INFO 5492 --- [http-nio-8080-exec-1] o.s.web.servlet.DispatcherServlet        : Completed initialization in 20 ms
2018-12-10 11:39:06.592  INFO 5492 --- [http-nio-8080-exec-1] org.mongodb.driver.connection            : Opened connection [connectionId{localValue:2, serverValue:103650573}] to ds145981.mlab.com:45981
2018-12-10 11:39:07.528  INFO 5492 --- [http-nio-8080-exec-1] t.a.student.service.StudentServiceImpl   : Time of startTime stamp: 2018-12-10T11:39:04.945	 Duration: 2577
2018-12-10 11:39:28.154  INFO 5492 --- [http-nio-8080-exec-3] t.a.student.service.StudentServiceImpl   : Time of startTime stamp: 2018-12-10T11:39:27.647	 Duration: 507
2018-12-10 11:39:28.308  INFO 5492 --- [http-nio-8080-exec-4] o.apache.coyote.http11.Http11Processor   : Error parsing HTTP request header
 Note: further occurrences of HTTP request parsing errors will be logged at DEBUG level.

java.lang.IllegalArgumentException: Invalid character found in method name. HTTP method names must be tokens
	at org.apache.coyote.http11.Http11InputBuffer.parseRequestLine(Http11InputBuffer.java:414) ~[tomcat-embed-core-9.0.13.jar:9.0.13]
	at org.apache.coyote.http11.Http11Processor.service(Http11Processor.java:294) ~[tomcat-embed-core-9.0.13.jar:9.0.13]
	at org.apache.coyote.AbstractProcessorLight.process(AbstractProcessorLight.java:66) [tomcat-embed-core-9.0.13.jar:9.0.13]
	at org.apache.coyote.AbstractProtocol$ConnectionHandler.process(AbstractProtocol.java:791) [tomcat-embed-core-9.0.13.jar:9.0.13]
	at org.apache.tomcat.util.net.NioEndpoint$SocketProcessor.doRun(NioEndpoint.java:1417) [tomcat-embed-core-9.0.13.jar:9.0.13]
	at org.apache.tomcat.util.net.SocketProcessorBase.run(SocketProcessorBase.java:49) [tomcat-embed-core-9.0.13.jar:9.0.13]
	at java.util.concurrent.ThreadPoolExecutor.runWorker(Unknown Source) [na:1.8.0_171]
	at java.util.concurrent.ThreadPoolExecutor$Worker.run(Unknown Source) [na:1.8.0_171]
	at org.apache.tomcat.util.threads.TaskThread$WrappingRunnable.run(TaskThread.java:61) [tomcat-embed-core-9.0.13.jar:9.0.13]
	at java.lang.Thread.run(Unknown Source) [na:1.8.0_171]

2018-12-10 11:41:51.180  INFO 5604 --- [main] t.a.StudentServiceMongoDbApplication     : Starting StudentServiceMongoDbApplication on Acer with PID 5604 (C:\Users\User\eclipse-workspace\j_StudentServiceMongoDb\target\classes started by User in C:\Users\User\eclipse-workspace\j_StudentServiceMongoDb)
2018-12-10 11:41:51.191  INFO 5604 --- [main] t.a.StudentServiceMongoDbApplication     : No active profile set, falling back to default profiles: default
2018-12-10 11:41:54.220  INFO 5604 --- [main] .s.d.r.c.RepositoryConfigurationDelegate : Bootstrapping Spring Data repositories in DEFAULT mode.
2018-12-10 11:41:54.436  INFO 5604 --- [main] .s.d.r.c.RepositoryConfigurationDelegate : Finished Spring Data repository scanning in 199ms. Found 1 repository interfaces.
2018-12-10 11:41:56.416  INFO 5604 --- [main] o.s.b.w.embedded.tomcat.TomcatWebServer  : Tomcat initialized with port(s): 8080 (http)
2018-12-10 11:41:56.493  INFO 5604 --- [main] o.apache.catalina.core.StandardService   : Starting service [Tomcat]
2018-12-10 11:41:56.494  INFO 5604 --- [main] org.apache.catalina.core.StandardEngine  : Starting Servlet Engine: Apache Tomcat/9.0.13
2018-12-10 11:41:56.528  INFO 5604 --- [main] o.a.catalina.core.AprLifecycleListener   : The APR based Apache Tomcat Native library which allows optimal performance in production environments was not found on the java.library.path: [C:\Program Files\Java\jre1.8.0_171\bin;C:\Windows\Sun\Java\bin;C:\Windows\system32;C:\Windows;C:/Program Files/Java/jre1.8.0_171/bin/server;C:/Program Files/Java/jre1.8.0_171/bin;C:/Program Files/Java/jre1.8.0_171/lib/amd64;C:\Program Files (x86)\Common Files\Oracle\Java\javapath;C:\Windows\system32;C:\Windows;C:\Windows\System32\Wbem;C:\Windows\System32\WindowsPowerShell\v1.0\;C:\Program Files (x86)\Common Files\Acronis\SnapAPI\;D:\telran\eclipse;;.]
2018-12-10 11:41:56.858  INFO 5604 --- [main] o.a.c.c.C.[Tomcat].[localhost].[/]       : Initializing Spring embedded WebApplicationContext
2018-12-10 11:41:56.858  INFO 5604 --- [main] o.s.web.context.ContextLoader            : Root WebApplicationContext: initialization completed in 5504 ms
2018-12-10 11:41:58.384  INFO 5604 --- [main] org.mongodb.driver.cluster               : Cluster created with settings {hosts=[ds145981.mlab.com:45981], mode=SINGLE, requiredClusterType=UNKNOWN, serverSelectionTimeout='30000 ms', maxWaitQueueSize=500}
2018-12-10 11:42:00.382  INFO 5604 --- [main] pertySourcedRequestMappingHandlerMapping : Mapped URL path [/v2/api-docs] onto method [public org.springframework.http.ResponseEntity<springfox.documentation.spring.web.json.Json> springfox.documentation.swagger2.web.Swagger2Controller.getDocumentation(java.lang.String,javax.servlet.http.HttpServletRequest)]
2018-12-10 11:42:00.868  INFO 5604 --- [main] o.s.s.concurrent.ThreadPoolTaskExecutor  : Initializing ExecutorService 'applicationTaskExecutor'
2018-12-10 11:42:01.517  INFO 5604 --- [main] d.s.w.p.DocumentationPluginsBootstrapper : Context refreshed
2018-12-10 11:42:01.610  INFO 5604 --- [main] d.s.w.p.DocumentationPluginsBootstrapper : Found 1 custom documentation plugin(s)
2018-12-10 11:42:01.720  INFO 5604 --- [main] s.d.s.w.s.ApiListingReferenceScanner     : Scanning for api listing references
2018-12-10 11:42:02.435  INFO 5604 --- [main] o.s.b.w.embedded.tomcat.TomcatWebServer  : Tomcat started on port(s): 8080 (http) with context path ''
2018-12-10 11:42:02.443  INFO 5604 --- [main] t.a.StudentServiceMongoDbApplication     : Started StudentServiceMongoDbApplication in 12.344 seconds (JVM running for 13.47)
2018-12-10 11:42:03.155  INFO 5604 --- [cluster-ClusterId{value='5c0e34e6d634b815e49c2cdb', description='null'}-ds145981.mlab.com:45981] org.mongodb.driver.connection            : Opened connection [connectionId{localValue:1, serverValue:103674689}] to ds145981.mlab.com:45981
2018-12-10 11:42:03.364  INFO 5604 --- [cluster-ClusterId{value='5c0e34e6d634b815e49c2cdb', description='null'}-ds145981.mlab.com:45981] org.mongodb.driver.cluster               : Monitor thread successfully connected to server with description ServerDescription{address=ds145981.mlab.com:45981, type=REPLICA_SET_PRIMARY, state=CONNECTED, ok=true, version=ServerVersion{versionList=[3, 6, 6]}, minWireVersion=0, maxWireVersion=6, maxDocumentSize=16777216, logicalSessionTimeoutMinutes=30, roundTripTimeNanos=196991702, setName='rs-ds145981', canonicalAddress=ds145981-a.mlab.com:45981, hosts=[ds145981-a.mlab.com:45981], passives=[], arbiters=[], primary='ds145981-a.mlab.com:45981', tagSet=TagSet{[]}, electionId=7fffffff0000000000000003, setVersion=1, lastWriteDate=Mon Dec 10 11:41:55 IST 2018, lastUpdateTimeNanos=175485114602586}
2018-12-10 11:42:21.894  INFO 5604 --- [http-nio-8080-exec-1] o.a.c.c.C.[Tomcat].[localhost].[/]       : Initializing Spring DispatcherServlet 'dispatcherServlet'
2018-12-10 11:42:21.895  INFO 5604 --- [http-nio-8080-exec-1] o.s.web.servlet.DispatcherServlet        : Initializing Servlet 'dispatcherServlet'
2018-12-10 11:42:21.921  INFO 5604 --- [http-nio-8080-exec-1] o.s.web.servlet.DispatcherServlet        : Completed initialization in 25 ms
2018-12-10 11:42:24.241  INFO 5604 --- [http-nio-8080-exec-1] org.mongodb.driver.connection            : Opened connection [connectionId{localValue:2, serverValue:103677639}] to ds145981.mlab.com:45981
2018-12-10 11:43:12.892  INFO 5604 --- [http-nio-8080-exec-3] t.a.student.service.StudentServiceImpl   : Time of startTime stamp: 2018-12-10T11:43:12.373	 Duration: 517
2018-12-10 11:43:41.727  INFO 5604 --- [http-nio-8080-exec-5] t.a.student.service.StudentServiceImpl   : Time of startTime stamp: 2018-12-10T11:43:41.301	 Duration: 426
